Arguments: 
  /usr/local/Cellar/node/8.9.1_1/bin/node /usr/local/Cellar/yarn/1.3.2/libexec/bin/yarn.js add gulp gulp-gh-pages gulp-load-plugins --dev

PATH: 
  /Users/Serguei/.rvm/gems/ruby-2.4.0/bin:/Users/Serguei/.rvm/gems/ruby-2.4.0@global/bin:/Users/Serguei/.rvm/rubies/ruby-2.4.0/bin:/usr/local/opt/openssl/bin:/Users/Serguei/flutter/bin:/Users/Serguei/go//bin:/Users/Serguei/bin:/usr/local/bin:/usr/local/bin:/usr/bin:/bin:/usr/sbin:/sbin:/usr/local/go/bin:/opt/X11/bin:/Applications/Postgres.app/Contents/Versions/latest/bin:/usr/local/bin:/Users/Serguei/.rvm/bin

Yarn version: 
  1.3.2

Node version: 
  8.9.1

Platform: 
  darwin x64

npm manifest: 
  {
    "name": "satellites-book",
    "version": "1.0.0",
    "main": "index.js",
    "repository": "n",
    "author": "Serguei Cambour <external.z28scamb@decathlon.com>",
    "license": "MIT"
  }

yarn manifest: 
  No manifest

Lockfile: 
  No lockfile

Trace: 
  Error: https://registry.npmjs.org/gulp: tunneling socket could not be established, statusCode=403
      at ClientRequest.onConnect (/usr/local/Cellar/yarn/1.3.2/libexec/lib/cli.js:137324:19)
      at Object.onceWrapper (events.js:319:30)
      at emitThree (events.js:136:13)
      at ClientRequest.emit (events.js:217:7)
      at Socket.socketOnData (_http_client.js:472:11)
      at emitOne (events.js:116:13)
      at Socket.emit (events.js:211:7)
      at addChunk (_stream_readable.js:263:12)
      at readableAddChunk (_stream_readable.js:250:11)
      at Socket.Readable.push (_stream_readable.js:208:10)
